<?xml version="1.0" encoding="UTF-8"?>
<!-- Generated by org.testng.reporters.JUnitReportReporter -->
<testsuite skipped="0" hostname="admin-PC" name="restAPI.postman.srcCodeJira.JiraSrcCode" tests="1" failures="0" timestamp="21 May 2020 12:00:10 GMT" time="5.275" errors="0">
  <testcase name="jiraCode" time="5.275" classname="restAPI.postman.srcCodeJira.JiraSrcCode"/>
</testsuite> <!-- restAPI.postman.srcCodeJira.JiraSrcCode -->
