<?xml version="1.0" encoding="UTF-8"?>
<!-- Generated by org.testng.reporters.JUnitReportReporter -->
<testsuite skipped="0" hostname="admin-PC" name="restAPI.postman.srcCodeLibrary.LibraryBook_StaticJson" tests="1" failures="0" timestamp="25 May 2020 17:44:42 GMT" time="4.532" errors="0">
  <testcase name="AddBook" time="4.532" classname="restAPI.postman.srcCodeLibrary.LibraryBook_StaticJson"/>
</testsuite> <!-- restAPI.postman.srcCodeLibrary.LibraryBook_StaticJson -->
