<?xml version="1.0" encoding="UTF-8"?>
<!-- Generated by org.testng.reporters.JUnitReportReporter -->
<testsuite skipped="0" hostname="admin-PC" name="restAPI.postman.srcCodeLibrary.LibraryBook" tests="4" failures="0" timestamp="18 May 2020 17:22:05 GMT" time="5.246" errors="0">
  <testcase name="AddBook" time="0.488" classname="restAPI.postman.srcCodeLibrary.LibraryBook"/>
  <testcase name="AddBook" time="3.765" classname="restAPI.postman.srcCodeLibrary.LibraryBook"/>
  <testcase name="AddBook" time="0.487" classname="restAPI.postman.srcCodeLibrary.LibraryBook"/>
  <testcase name="AddBook" time="0.506" classname="restAPI.postman.srcCodeLibrary.LibraryBook"/>
</testsuite> <!-- restAPI.postman.srcCodeLibrary.LibraryBook -->
